Arguments: 
  C:\Program Files\nodejs\node.exe C:\Users\PavanPrabhakar\AppData\Roaming\npm\node_modules\yarn\bin\yarn.js init

PATH: 
  C:\ProgramData\Oracle\Java\javapath;C:\Program Files (x86)\Python36-32\Scripts\;C:\Program Files (x86)\Python36-32\;C:\Program Files (x86)\Lenovo\FusionEngine;C:\Program Files (x86)\NVIDIA Corporation\PhysX\Common;C:\Program Files (x86)\Intel\iCLS Client\;C:\Program Files\Intel\iCLS Client\;C:\WINDOWS\system32;C:\WINDOWS;C:\WINDOWS\System32\Wbem;C:\WINDOWS\System32\WindowsPowerShell\v1.0\;C:\Program Files\Intel\Intel(R) Management Engine Components\DAL;C:\Program Files\Intel\Intel(R) Management Engine Components\IPT;C:\Program Files (x86)\Intel\Intel(R) Management Engine Components\DAL;C:\Program Files (x86)\Intel\Intel(R) Management Engine Components\IPT;C:\Program Files\Lenovo\Bluetooth Software\;C:\Program Files\Lenovo\Bluetooth Software\syswow64;C:\Program Files (x86)\Lenovo\Motion Control\;C:\Program Files (x86)\Common Files\lenovo\easyplussdk\bin;C:\ProgramData\chocolatey\bin;C:\Strawberry\c\bin;C:\Strawberry\perl\site\bin;C:\Strawberry\perl\bin;C:\Program Files\MiKTeX 2.9\miktex\bin\x64\;C:\Program Files\nodejs\;C:\Program Files\Git\cmd;C:\Program Files\Git\mingw64\bin;C:\Program Files\Git\usr\bin;C:\Users\PavanPrabhakar\AppData\Local\Microsoft\WindowsApps;C:\Program Files\Java\jdk-10\bin;C:\Users\PavanPrabhakar\AppData\Local\GitHubDesktop\bin;C:\Program Files\Microsoft VS Code Insiders\bin;C:\Program Files\MongoDB\Server\3.6\bin;C:\Program Files\Git\bin;C:\Users\PavanPrabhakar\AppData\Roaming\npm;C:\Program Files\heroku\bin

Yarn version: 
  1.6.0

Node version: 
  10.0.0

Platform: 
  win32 x64

Trace: 
  Error: canceled
      at Interface.<anonymous> (C:\Users\PavanPrabhakar\AppData\Roaming\npm\node_modules\yarn\lib\cli.js:129516:13)
      at Interface.emit (events.js:182:13)
      at Interface._ttyWrite (readline.js:778:16)
      at ReadStream.onkeypress (readline.js:163:10)
      at ReadStream.emit (events.js:182:13)
      at emitKeys (internal/readline.js:422:14)
      at emitKeys.next (<anonymous>)
      at ReadStream.onData (readline.js:1014:36)
      at ReadStream.emit (events.js:182:13)
      at addChunk (_stream_readable.js:280:12)

npm manifest: 
  No manifest

yarn manifest: 
  No manifest

Lockfile: 
  No lockfile
